Using pre-set license
Built from '2020.3/release' branch; Version is '2020.3.15f2 (6cf78cb77498) revision 7141260'; Using compiler version '192528614'; Build Type 'Release'
OS: 'Windows 7  (6.1.0) 64bit' Language: 'ru' Physical Memory: 8125 MB
BatchMode: 1, IsHumanControllingUs: 0, StartBugReporterOnCrash: 0, Is64bit: 1, IsPro: 0

 COMMAND LINE ARGUMENTS:
D:\UnityEditors\2020.3.15f2\Editor\Unity.exe
-adb2
-batchMode
-noUpm
-name
AssetImportWorker0
-projectPath
D:/Projects/Build Tower
-logFile
Logs/AssetImportWorker0.log
-srvPort
61159
Successfully changed project path to: D:/Projects/Build Tower
D:/Projects/Build Tower
Using Asset Import Pipeline V2.
Refreshing native plugins compatible for Editor in 100.19 ms, found 2 plugins.
Preloading 0 native plugins for Editor in 0.00 ms.
Initialize engine version: 2020.3.15f2 (6cf78cb77498)
[Subsystems] Discovering subsystems at path D:/UnityEditors/2020.3.15f2/Editor/Data/Resources/UnitySubsystems
[Subsystems] Discovering subsystems at path D:/Projects/Build Tower/Assets
GfxDevice: creating device client; threaded=0
d3d11: CreateDXGIFactory2(...) not found, fallbacking to CreateDXGIFactory1(...).
d3d11: QueryInterface(IDXGIFactory5) failed (80004002).
Direct3D:
    Version:  Direct3D 11.0 [level 11.0]
    Renderer: NVIDIA GeForce GTX 660 (ID=0x11c0)
    Vendor:   
    VRAM:     1970 MB
    Driver:   30.0.14.7362
Initialize mono
Mono path[0] = 'D:/UnityEditors/2020.3.15f2/Editor/Data/Managed'
Mono path[1] = 'D:/UnityEditors/2020.3.15f2/Editor/Data/MonoBleedingEdge/lib/mono/unityjit'
Mono config path = 'D:/UnityEditors/2020.3.15f2/Editor/Data/MonoBleedingEdge/etc'
Using monoOptions --debugger-agent=transport=dt_socket,embedding=1,server=y,suspend=n,address=127.0.0.1:56312
Begin MonoManager ReloadAssembly
Registering precompiled unity dll's ...
Register platform support module: D:/UnityEditors/2020.3.15f2/Editor/Data/PlaybackEngines/WebGLSupport/UnityEditor.WebGL.Extensions.dll
Register platform support module: D:/UnityEditors/2020.3.15f2/Editor/Data/PlaybackEngines/WindowsStandaloneSupport/UnityEditor.WindowsStandalone.Extensions.dll
Registered in 0.001389 seconds.
Native extension for WindowsStandalone target not found
Native extension for WebGL target not found
Refreshing native plugins compatible for Editor in 63.94 ms, found 2 plugins.
Preloading 0 native plugins for Editor in 0.00 ms.
Mono: successfully reloaded assembly
- Completed reload, in  3.524 seconds
Domain Reload Profiling:
	ReloadAssembly (3525ms)
		BeginReloadAssembly (127ms)
			ExecutionOrderSort (0ms)
			DisableScriptedObjects (0ms)
			BackupInstance (0ms)
			ReleaseScriptingObjects (0ms)
			CreateAndSetChildDomain (1ms)
		EndReloadAssembly (812ms)
			LoadAssemblies (126ms)
			RebuildTransferFunctionScriptingTraits (0ms)
			SetupTypeCache (286ms)
			ReleaseScriptCaches (0ms)
			RebuildScriptCaches (61ms)
			SetupLoadedEditorAssemblies (323ms)
				LogAssemblyErrors (0ms)
				InitializePlatformSupportModulesInManaged (7ms)
				SetLoadedEditorAssemblies (1ms)
				RefreshPlugins (64ms)
				BeforeProcessingInitializeOnLoad (30ms)
				ProcessInitializeOnLoadAttributes (165ms)
				ProcessInitializeOnLoadMethodAttributes (55ms)
				AfterProcessingInitializeOnLoad (0ms)
				EditorAssembliesLoaded (1ms)
			ExecutionOrderSort2 (0ms)
			AwakeInstancesAfterBackupRestoration (0ms)
Platform modules already initialized, skipping
Registering precompiled user dll's ...
Registered in 0.006957 seconds.
Begin MonoManager ReloadAssembly
Native extension for WindowsStandalone target not found
Native extension for WebGL target not found
Refreshing native plugins compatible for Editor in 1.55 ms, found 2 plugins.
Preloading 0 native plugins for Editor in 0.00 ms.
Mono: successfully reloaded assembly
- Completed reload, in  1.830 seconds
Domain Reload Profiling:
	ReloadAssembly (1831ms)
		BeginReloadAssembly (242ms)
			ExecutionOrderSort (0ms)
			DisableScriptedObjects (8ms)
			BackupInstance (0ms)
			ReleaseScriptingObjects (0ms)
			CreateAndSetChildDomain (31ms)
		EndReloadAssembly (1489ms)
			LoadAssemblies (137ms)
			RebuildTransferFunctionScriptingTraits (0ms)
			SetupTypeCache (482ms)
			ReleaseScriptCaches (1ms)
			RebuildScriptCaches (104ms)
			SetupLoadedEditorAssemblies (556ms)
				LogAssemblyErrors (0ms)
				InitializePlatformSupportModulesInManaged (12ms)
				SetLoadedEditorAssemblies (1ms)
				RefreshPlugins (2ms)
				BeforeProcessingInitializeOnLoad (137ms)
				ProcessInitializeOnLoadAttributes (387ms)
				ProcessInitializeOnLoadMethodAttributes (14ms)
				AfterProcessingInitializeOnLoad (3ms)
				EditorAssembliesLoaded (0ms)
			ExecutionOrderSort2 (0ms)
			AwakeInstancesAfterBackupRestoration (11ms)
Platform modules already initialized, skipping
========================================================================
Worker process is ready to serve import requests
Launched and connected shader compiler UnityShaderCompiler.exe after 0.02 seconds
Refreshing native plugins compatible for Editor in 1.44 ms, found 2 plugins.
Preloading 0 native plugins for Editor in 0.00 ms.
Unloading 1671 Unused Serialized files (Serialized files now loaded: 0)
System memory in use before: 74.8 MB.
System memory in use after: 74.9 MB.

Unloading 91 unused Assets to reduce memory usage. Loaded Objects now: 2039.
Total: 3.183618 ms (FindLiveObjects: 0.369062 ms CreateObjectMapping: 0.111252 ms MarkObjects: 2.579736 ms  DeleteObjects: 0.121105 ms)

AssetImportParameters requested are different than current active one (requested -> active):
  custom:framework-win-MediaFoundation: 216162199b28c13a410421893ffa2e32 -> 
  custom:video-decoder-ogg-theora: a1e56fd34408186e4bbccfd4996cb3dc -> 
  custom:container-muxer-webm: aa71ff27fc2769a1b78a27578f13a17b -> 
  custom:container-demuxer-webm: 4f35f7cbe854078d1ac9338744f61a02 -> 
  custom:container-demuxer-ogg: 62fdf1f143b41e24485cea50d1cbac27 -> 
  custom:video-encoder-webm-vp8: eb34c28f22e8b96e1ab97ce403110664 -> 
  custom:video-decoder-webm-vp8: 9c59270c3fd7afecdb556c50c9e8de78 -> 
  custom:audio-decoder-ogg-vorbis: bf7c407c2cedff20999df2af8eb42d56 -> 
  custom:audio-encoder-webm-vorbis: bf7c407c2cedff20999df2af8eb42d56 -> 
========================================================================
Received Import Request.
  path: Assets/Resources/Sprites/icon1.png
  artifactKey: Guid(6db46628cffa6234a833e587ac854928) Importer(815301076,1909f56bfc062723c751e8b465ee728b)
Start importing Assets/Resources/Sprites/icon1.png using Guid(6db46628cffa6234a833e587ac854928) Importer(815301076,1909f56bfc062723c751e8b465ee728b)  -> (artifact id: '2cfc898badd461c640d3e5d6e25522d3') in 0.379157 seconds 
  Import took 0.383542 seconds .

========================================================================
Received Import Request.
  Time since last request: 0.000371 seconds.
  path: Assets/Third
  artifactKey: Guid(d419836b899bad94faf680c2a41b7cb1) Importer(815301076,1909f56bfc062723c751e8b465ee728b)
Start importing Assets/Third using Guid(d419836b899bad94faf680c2a41b7cb1) Importer(815301076,1909f56bfc062723c751e8b465ee728b)  -> (artifact id: '0b17806bd3ca0d8f4cae8a0aedabd569') in 0.027705 seconds 
  Import took 0.031758 seconds .

========================================================================
Received Import Request.
  Time since last request: 29.863520 seconds.
  path: Assets/Resources/Sprites/continue.png
  artifactKey: Guid(e780d83c59babb949842dcae254ce3cf) Importer(815301076,1909f56bfc062723c751e8b465ee728b)
Start importing Assets/Resources/Sprites/continue.png using Guid(e780d83c59babb949842dcae254ce3cf) Importer(815301076,1909f56bfc062723c751e8b465ee728b)  -> (artifact id: 'f15821e77650c1086e02782da049b624') in 0.059511 seconds 
  Import took 0.066443 seconds .

========================================================================
Received Import Request.
  Time since last request: 0.000544 seconds.
  path: Assets/Resources/Sprites/image 5 (2).png
  artifactKey: Guid(5ec90f79a2aaa2342b8916791648f137) Importer(815301076,1909f56bfc062723c751e8b465ee728b)
Start importing Assets/Resources/Sprites/image 5 (2).png using Guid(5ec90f79a2aaa2342b8916791648f137) Importer(815301076,1909f56bfc062723c751e8b465ee728b)  -> (artifact id: '97ee35f25b69cea161dbdfa872a8f3b5') in 0.044001 seconds 
  Import took 0.048788 seconds .

========================================================================
Received Import Request.
  Time since last request: 0.000431 seconds.
  path: Assets/Resources/Sprites/image 5 (3).png
  artifactKey: Guid(88dbecccc14d3ef4c9eaba261a849c9e) Importer(815301076,1909f56bfc062723c751e8b465ee728b)
Start importing Assets/Resources/Sprites/image 5 (3).png using Guid(88dbecccc14d3ef4c9eaba261a849c9e) Importer(815301076,1909f56bfc062723c751e8b465ee728b)  -> (artifact id: '6cff9ff6a66d7463e30c612d244a79ca') in 0.023422 seconds 
  Import took 0.026802 seconds .

========================================================================
Received Import Request.
  Time since last request: 0.000262 seconds.
  path: Assets/Resources/Sprites/game paused would you like to continue_.png
  artifactKey: Guid(551f01c3117966c40a756f414efd4ca0) Importer(815301076,1909f56bfc062723c751e8b465ee728b)
Start importing Assets/Resources/Sprites/game paused would you like to continue_.png using Guid(551f01c3117966c40a756f414efd4ca0) Importer(815301076,1909f56bfc062723c751e8b465ee728b)  -> (artifact id: 'e00d55129107bf07b77403172a5f1ea2') in 0.045246 seconds 
  Import took 0.048694 seconds .

========================================================================
Received Import Request.
  Time since last request: 0.000281 seconds.
  path: Assets/Resources/Sprites/image 2.png
  artifactKey: Guid(75af0387b6a0c2d4ba8cc3795e4b334c) Importer(815301076,1909f56bfc062723c751e8b465ee728b)
Start importing Assets/Resources/Sprites/image 2.png using Guid(75af0387b6a0c2d4ba8cc3795e4b334c) Importer(815301076,1909f56bfc062723c751e8b465ee728b)  -> (artifact id: '2c439eb4122b2015812be34f2e8f9417') in 0.029171 seconds 
  Import took 0.032600 seconds .

========================================================================
Received Import Request.
  Time since last request: 0.000247 seconds.
  path: Assets/Resources/Sprites/Polygon 1.png
  artifactKey: Guid(c481ac4a7f7ac2b47b1d5f943103e419) Importer(815301076,1909f56bfc062723c751e8b465ee728b)
Start importing Assets/Resources/Sprites/Polygon 1.png using Guid(c481ac4a7f7ac2b47b1d5f943103e419) Importer(815301076,1909f56bfc062723c751e8b465ee728b)  -> (artifact id: '2ee7574d9883346fc2f4646ad64a5e2d') in 0.024602 seconds 
  Import took 0.028029 seconds .

========================================================================
Received Import Request.
  Time since last request: 0.000248 seconds.
  path: Assets/Resources/Sprites/image 1.png
  artifactKey: Guid(bd37d823870b65248a89df108395b03a) Importer(815301076,1909f56bfc062723c751e8b465ee728b)
Start importing Assets/Resources/Sprites/image 1.png using Guid(bd37d823870b65248a89df108395b03a) Importer(815301076,1909f56bfc062723c751e8b465ee728b)  -> (artifact id: '935ec6bb33d92f43e55d69d7d468db6c') in 0.057234 seconds 
  Import took 0.060671 seconds .

========================================================================
Received Import Request.
  Time since last request: 0.000191 seconds.
  path: Assets/Resources/Sprites/image 8 (1).png
  artifactKey: Guid(15051c95fa7857346a56b9e2beade63e) Importer(815301076,1909f56bfc062723c751e8b465ee728b)
Start importing Assets/Resources/Sprites/image 8 (1).png using Guid(15051c95fa7857346a56b9e2beade63e) Importer(815301076,1909f56bfc062723c751e8b465ee728b)  -> (artifact id: '83d278fdaddc53219b3e466c43851b5e') in 0.023397 seconds 
  Import took 0.026730 seconds .

========================================================================
Received Import Request.
  Time since last request: 0.000185 seconds.
  path: Assets/Resources/Sprites/image 5 (1).png
  artifactKey: Guid(452595a769a20b34a811733801de4b45) Importer(815301076,1909f56bfc062723c751e8b465ee728b)
Start importing Assets/Resources/Sprites/image 5 (1).png using Guid(452595a769a20b34a811733801de4b45) Importer(815301076,1909f56bfc062723c751e8b465ee728b)  -> (artifact id: 'e788e29ead1c39dbc98b112782c5970d') in 0.021550 seconds 
  Import took 0.025007 seconds .

========================================================================
Received Import Request.
  Time since last request: 0.000230 seconds.
  path: Assets/Resources/Sprites/image 7 (1).png
  artifactKey: Guid(e577009cbc5b24947919a9b4826b352b) Importer(815301076,1909f56bfc062723c751e8b465ee728b)
Start importing Assets/Resources/Sprites/image 7 (1).png using Guid(e577009cbc5b24947919a9b4826b352b) Importer(815301076,1909f56bfc062723c751e8b465ee728b)  -> (artifact id: '692bc2d66ebfb24396c8b5b14e048993') in 0.054702 seconds 
  Import took 0.058241 seconds .

========================================================================
Received Import Request.
  Time since last request: 0.000649 seconds.
  path: Assets/Resources/Sprites/image 7 (1).png
  artifactKey: Guid(e577009cbc5b24947919a9b4826b352b) Importer(815301076,1909f56bfc062723c751e8b465ee728b)
Start importing Assets/Resources/Sprites/image 7 (1).png using Guid(e577009cbc5b24947919a9b4826b352b) Importer(815301076,1909f56bfc062723c751e8b465ee728b)  -> (artifact id: '692bc2d66ebfb24396c8b5b14e048993') in 0.021150 seconds 
  Import took 0.024902 seconds .

========================================================================
Received Import Request.
  Time since last request: 24.625134 seconds.
  path: Assets/Resources/Sprites/icon1.png
  artifactKey: Guid(6db46628cffa6234a833e587ac854928) Importer(815301076,1909f56bfc062723c751e8b465ee728b)
Start importing Assets/Resources/Sprites/icon1.png using Guid(6db46628cffa6234a833e587ac854928) Importer(815301076,1909f56bfc062723c751e8b465ee728b)  -> (artifact id: '713a9d725337bb693266207fbd1abf09') in 0.031763 seconds 
  Import took 0.036646 seconds .

========================================================================
Received Import Request.
  Time since last request: 50.631833 seconds.
  path: Assets/Resources/Sprites
  artifactKey: Guid(2bf72466973c619438b5a5a84b0c536d) Importer(815301076,1909f56bfc062723c751e8b465ee728b)
Start importing Assets/Resources/Sprites using Guid(2bf72466973c619438b5a5a84b0c536d) Importer(815301076,1909f56bfc062723c751e8b465ee728b)  -> (artifact id: '58ddb3b6b8dc8aa906487ea631142cf1') in 0.181307 seconds 
  Import took 0.188135 seconds .

========================================================================
Received Import Request.
  Time since last request: 0.000424 seconds.
  path: Assets/Resources/BlockMaterial.mat
  artifactKey: Guid(c52ff353c2c7ce74a9656958c9ddac96) Importer(815301076,1909f56bfc062723c751e8b465ee728b)
Start importing Assets/Resources/BlockMaterial.mat using Guid(c52ff353c2c7ce74a9656958c9ddac96) Importer(815301076,1909f56bfc062723c751e8b465ee728b)  -> (artifact id: '7e92868d132fadf03eda837cdd130f4a') in 0.795879 seconds 
  Import took 0.802306 seconds .

========================================================================
Received Import Request.
  Time since last request: 0.000463 seconds.
  path: Assets/Resources
  artifactKey: Guid(8e4c52e766ff5eb458652a7308cc38f8) Importer(815301076,1909f56bfc062723c751e8b465ee728b)
Start importing Assets/Resources using Guid(8e4c52e766ff5eb458652a7308cc38f8) Importer(815301076,1909f56bfc062723c751e8b465ee728b)  -> (artifact id: 'e0a1d169897d23ccceb2132916054b0a') in 0.008870 seconds 
  Import took 0.013200 seconds .

========================================================================
Received Import Request.
  Time since last request: 7.288782 seconds.
  path: Assets/Plugins
  artifactKey: Guid(c7909a71d724b074da8858fa7aaabc1e) Importer(815301076,1909f56bfc062723c751e8b465ee728b)
Start importing Assets/Plugins using Guid(c7909a71d724b074da8858fa7aaabc1e) Importer(815301076,1909f56bfc062723c751e8b465ee728b)  -> (artifact id: 'b526ad0b71002e6cae3b3b2ce0124bb7') in 0.015551 seconds 
  Import took 0.019956 seconds .

========================================================================
Received Import Request.
  Time since last request: 1.058823 seconds.
  path: Assets/Plugins/Android
  artifactKey: Guid(3916a9bfa4fd449e2827f2f20897a7d7) Importer(815301076,1909f56bfc062723c751e8b465ee728b)
Start importing Assets/Plugins/Android using Guid(3916a9bfa4fd449e2827f2f20897a7d7) Importer(815301076,1909f56bfc062723c751e8b465ee728b)  -> (artifact id: '86585c145e32064de3fb81b566f4704e') in 0.044686 seconds 
  Import took 0.049237 seconds .

========================================================================
Received Import Request.
  Time since last request: 0.757308 seconds.
  path: Assets/Plugins/Android/AndroidManifest.xml
  artifactKey: Guid(b90899d5d4a240e4c8cbfbbebe399c20) Importer(815301076,1909f56bfc062723c751e8b465ee728b)
Start importing Assets/Plugins/Android/AndroidManifest.xml using Guid(b90899d5d4a240e4c8cbfbbebe399c20) Importer(815301076,1909f56bfc062723c751e8b465ee728b)  -> (artifact id: '4c083a23462f530c800feb43ae616190') in 0.038375 seconds 
  Import took 0.045088 seconds .

========================================================================
Received Import Request.
  Time since last request: 0.003267 seconds.
  path: Assets/Plugins/Android/AndroidManifest.xml
  artifactKey: Guid(b90899d5d4a240e4c8cbfbbebe399c20) Importer(815301076,1909f56bfc062723c751e8b465ee728b)
Start importing Assets/Plugins/Android/AndroidManifest.xml using Guid(b90899d5d4a240e4c8cbfbbebe399c20) Importer(815301076,1909f56bfc062723c751e8b465ee728b)  -> (artifact id: '4c083a23462f530c800feb43ae616190') in 0.010627 seconds 
  Import took 0.015571 seconds .

========================================================================
Received Import Request.
  Time since last request: 76.134653 seconds.
  path: Assets/Plugins/Android/AndroidManifest.xml
  artifactKey: Guid(b90899d5d4a240e4c8cbfbbebe399c20) Importer(815301076,1909f56bfc062723c751e8b465ee728b)
Start importing Assets/Plugins/Android/AndroidManifest.xml using Guid(b90899d5d4a240e4c8cbfbbebe399c20) Importer(815301076,1909f56bfc062723c751e8b465ee728b)  -> (artifact id: '6bc9cff091531c177746447a36f1eca6') in 0.017587 seconds 
  Import took 0.021388 seconds .

========================================================================
Received Import Request.
  Time since last request: 46.866018 seconds.
  path: Assets/Third/Resources
  artifactKey: Guid(a95b88ecd7da497478b6e0ffced0a92b) Importer(815301076,1909f56bfc062723c751e8b465ee728b)
Start importing Assets/Third/Resources using Guid(a95b88ecd7da497478b6e0ffced0a92b) Importer(815301076,1909f56bfc062723c751e8b465ee728b)  -> (artifact id: '4aac4769aee8c958d4b833dbfc881194') in 0.023913 seconds 
  Import took 0.029174 seconds .

========================================================================
Received Import Request.
  Time since last request: 0.063520 seconds.
  path: Assets/Third/Resources/Viewer.prefab
  artifactKey: Guid(0aa94c40e174251479d69bf59689c130) Importer(815301076,1909f56bfc062723c751e8b465ee728b)
Start importing Assets/Third/Resources/Viewer.prefab using Guid(0aa94c40e174251479d69bf59689c130) Importer(815301076,1909f56bfc062723c751e8b465ee728b)  -> (artifact id: '1517c1dd84b0f72c6166e1845d5c0af1') in 0.402265 seconds 
  Import took 0.409142 seconds .

========================================================================
Received Import Request.
  Time since last request: 18.683421 seconds.
  path: Assets/Third/Resources/Viewer.prefab
  artifactKey: Guid(0aa94c40e174251479d69bf59689c130) Importer(815301076,1909f56bfc062723c751e8b465ee728b)
Start importing Assets/Third/Resources/Viewer.prefab using Guid(0aa94c40e174251479d69bf59689c130) Importer(815301076,1909f56bfc062723c751e8b465ee728b)  -> (artifact id: '2c8115d2ec75072188632747bcbe5b36') in 0.026252 seconds 
  Import took 0.031791 seconds .

========================================================================
Received Import Request.
  Time since last request: 12.994984 seconds.
  path: Assets/Third/Resources/Viewer.prefab
  artifactKey: Guid(0aa94c40e174251479d69bf59689c130) Importer(815301076,1909f56bfc062723c751e8b465ee728b)
Start importing Assets/Third/Resources/Viewer.prefab using Guid(0aa94c40e174251479d69bf59689c130) Importer(815301076,1909f56bfc062723c751e8b465ee728b)  -> (artifact id: '9284ed6cdf6830a5450472f930946e52') in 0.051661 seconds 
  Import took 0.057664 seconds .

AssetImportWorkerClient::OnTransportError - code=2 error=End of file
